\BOOKMARK [1][-]{section.1}{\376\377\000I\000n\000t\000r\000o\000d\000u\000c\000t\000i\000o\000n}{}% 1
\BOOKMARK [1][-]{section.2}{\376\377\000H\000o\000w\000\040\000t\000o\000\040\000I\000n\000s\000t\000a\000l\000l\000\040\000L\000a\000t\000e\000x}{}% 2
\BOOKMARK [2][-]{subsection.2.1}{\376\377\000H\000o\000w\000\040\000t\000o\000\040\000C\000r\000e\000a\000t\000e\000\040\000t\000h\000e\000\040\000F\000i\000r\000s\000t\000\040\000L\000a\000t\000e\000x\000\040\000D\000o\000c}{section.2}% 3
\BOOKMARK [2][-]{subsection.2.2}{\376\377\000H\000o\000w\000\040\000t\000o\000\040\000I\000n\000s\000t\000a\000l\000l\000\040\000T\000e\000X\000s\000t\000u\000d\000i\000o\000\040\000a\000s\000\040\000t\000h\000e\000\040\000I\000D\000E\000\040\000f\000o\000r\000\040\000L\000a\000T\000e\000X}{section.2}% 4
\BOOKMARK [1][-]{section.3}{\376\377\000S\000h\000o\000r\000t\000\040\000K\000e\000y\000s\000\040\000i\000n\000\040\000T\000e\000X\000s\000t\000u\000d\000i\000o}{}% 5
\BOOKMARK [1][-]{section.4}{\376\377\000L\000a\000T\000e\000X\000\040\000B\000a\000s\000i\000c\000s}{}% 6
\BOOKMARK [2][-]{subsection.4.1}{\376\377\000T\000h\000e\000\040\000G\000e\000n\000e\000r\000a\000l\000\040\000F\000o\000r\000m\000a\000t}{section.4}% 7
\BOOKMARK [2][-]{subsection.4.2}{\376\377\000L\000e\000f\000t\000,\000\040\000R\000i\000g\000h\000t\000,\000\040\000C\000e\000n\000t\000r\000e\000\040\000A\000l\000i\000g\000n\000m\000e\000n\000t}{section.4}% 8
\BOOKMARK [2][-]{subsection.4.3}{\376\377\000B\000o\000l\000d\000,\000\040\000I\000t\000a\000l\000i\000c\000,\000\040\000F\000o\000n\000t\000\040\000S\000i\000z\000e\000,\000\040\000a\000n\000d\000\040\000O\000t\000h\000e\000r\000!}{section.4}% 9
\BOOKMARK [2][-]{subsection.4.4}{\376\377\000B\000r\000e\000a\000k\000\040\000L\000i\000n\000e\000\040\000o\000r\000\040\000P\000a\000g\000e}{section.4}% 10
\BOOKMARK [2][-]{subsection.4.5}{\376\377\000D\000e\000f\000a\000u\000l\000t\000\040\000S\000e\000t\000t\000i\000n\000g\000s}{section.4}% 11
\BOOKMARK [1][-]{section.5}{\376\377\000I\000t\000e\000m\000s}{}% 12
\BOOKMARK [1][-]{section.6}{\376\377\000T\000a\000b\000l\000e\000s}{}% 13
\BOOKMARK [2][-]{subsection.6.1}{\376\377\000C\000r\000e\000a\000t\000i\000n\000g\000\040\000a\000\040\000s\000i\000m\000p\000l\000e\000\040\000t\000a\000b\000l\000e}{section.6}% 14
\BOOKMARK [2][-]{subsection.6.2}{\376\377\000T\000a\000b\000l\000e\000\040\000s\000e\000t\000t\000i\000n\000g\000s}{section.6}% 15
\BOOKMARK [1][-]{section.7}{\376\377\000F\000o\000r\000m\000u\000l\000a\000s}{}% 16
\BOOKMARK [2][-]{subsection.7.1}{\376\377\000M\000o\000r\000e\000\040\000E\000x\000a\000m\000p\000l\000e\000s}{section.7}% 17
\BOOKMARK [1][-]{section.8}{\376\377\000P\000l\000o\000t\000s}{}% 18
\BOOKMARK [2][-]{subsection.8.1}{\376\377\000S\000c\000a\000t\000t\000e\000r\000\040\000a\000n\000d\000\040\000L\000i\000n\000e\000\040\000P\000l\000o\000t\000s}{section.8}% 19
\BOOKMARK [2][-]{subsection.8.2}{\376\377\000B\000a\000r\000\040\000P\000l\000o\000t}{section.8}% 20
\BOOKMARK [2][-]{subsection.8.3}{\376\377\000H\000i\000s\000t\000o\000g\000r\000a\000m}{section.8}% 21
\BOOKMARK [2][-]{subsection.8.4}{\376\377\000P\000i\000e\000\040\000C\000h\000a\000r\000t}{section.8}% 22
\BOOKMARK [2][-]{subsection.8.5}{\376\377\000B\000o\000x\000\040\000P\000l\000o\000t}{section.8}% 23
\BOOKMARK [1][-]{section.9}{\376\377\000C\000\040\000C\000o\000d\000e\000\040\000B\000o\000x\000\040\000o\000r\000\040\000I\000n\000l\000i\000n\000e}{}% 24
\BOOKMARK [2][-]{subsection.9.1}{\376\377\000C\000o\000d\000e\000\040\000B\000o\000x}{section.9}% 25
\BOOKMARK [2][-]{subsection.9.2}{\376\377\000I\000n\000l\000i\000n\000e\000\040\000C\000o\000d\000e}{section.9}% 26
\BOOKMARK [1][-]{section.10}{\376\377\000T\000a\000b\000l\000e\000s\000\040\000o\000f\000\040\000C\000o\000n\000t\000e\000n\000t\000s}{}% 27
\BOOKMARK [1][-]{section.11}{\376\377\000R\000e\000f\000e\000r\000e\000n\000c\000e}{}% 28
